Base path: D:/Applications/Unity 5.5.1f/Editor/Data
Cmd: getPlatforms
Cmd: compileSnippet
  api=1 type=0 insize=7574 outsize=1084 kw=DIRECTIONAL SHADOWS_SCREEN pd=UNITY_ENABLE_REFLECTION_BUFFERS UNITY_PBS_USE_BRDF1 UNITY_SPECCUBE_BOX_PROJECTION UNITY_SPECCUBE_BLENDING SHADER_API_DESKTOP UNITY_COLORSPACE_GAMMA ok=1
Cmd: disassembleShader
  api=10 insize=1084 outsize=1820 ok=1
Cmd: compileSnippet
  api=4 type=0 insize=7574 outsize=2530 kw=DIRECTIONAL SHADOWS_SCREEN VERTEXLIGHT_ON pd=UNITY_ENABLE_REFLECTION_BUFFERS UNITY_PBS_USE_BRDF1 UNITY_SPECCUBE_BOX_PROJECTION UNITY_SPECCUBE_BLENDING SHADER_API_DESKTOP UNITY_COLORSPACE_GAMMA ok=1
Cmd: disassembleShader
  api=15 insize=2530 outsize=4319 ok=1
Cmd: compileSnippet
  api=1 type=1 insize=7574 outsize=3656 kw=DIRECTIONAL SHADOWS_SCREEN pd=UNITY_ENABLE_REFLECTION_BUFFERS UNITY_PBS_USE_BRDF1 UNITY_SPECCUBE_BOX_PROJECTION UNITY_SPECCUBE_BLENDING SHADER_API_DESKTOP UNITY_COLORSPACE_GAMMA ok=1
Cmd: disassembleShader
  api=12 insize=3656 outsize=6750 ok=1
Cmd: compileSnippet
  api=1 type=0 insize=4260 outsize=668 kw=DIRECTIONAL pd=UNITY_ENABLE_REFLECTION_BUFFERS UNITY_PBS_USE_BRDF1 UNITY_SPECCUBE_BOX_PROJECTION UNITY_SPECCUBE_BLENDING SHADER_API_DESKTOP UNITY_COLORSPACE_GAMMA ok=1
Cmd: disassembleShader
  api=10 insize=668 outsize=1128 ok=1
Cmd: compileSnippet
  api=4 type=0 insize=4260 outsize=1094 kw=SPOT pd=UNITY_ENABLE_REFLECTION_BUFFERS UNITY_PBS_USE_BRDF1 UNITY_SPECCUBE_BOX_PROJECTION UNITY_SPECCUBE_BLENDING SHADER_API_DESKTOP UNITY_COLORSPACE_GAMMA ok=1
Cmd: disassembleShader
  api=15 insize=1094 outsize=2225 ok=1
Cmd: compileSnippet
  api=1 type=0 insize=4260 outsize=808 kw=DIRECTIONAL SHADOWS_SCREEN pd=UNITY_ENABLE_REFLECTION_BUFFERS UNITY_PBS_USE_BRDF1 UNITY_SPECCUBE_BOX_PROJECTION UNITY_SPECCUBE_BLENDING SHADER_API_DESKTOP UNITY_COLORSPACE_GAMMA ok=1
Cmd: disassembleShader
  api=10 insize=808 outsize=1362 ok=1
Cmd: compileSnippet
  api=1 type=0 insize=4260 outsize=808 kw=DIRECTIONAL_COOKIE SHADOWS_SCREEN pd=UNITY_ENABLE_REFLECTION_BUFFERS UNITY_PBS_USE_BRDF1 UNITY_SPECCUBE_BOX_PROJECTION UNITY_SPECCUBE_BLENDING SHADER_API_DESKTOP UNITY_COLORSPACE_GAMMA ok=1
Cmd: disassembleShader
  api=10 insize=808 outsize=1362 ok=1
Cmd: compileSnippet
  api=4 type=0 insize=4260 outsize=1202 kw=POINT SHADOWS_CUBE pd=UNITY_ENABLE_REFLECTION_BUFFERS UNITY_PBS_USE_BRDF1 UNITY_SPECCUBE_BOX_PROJECTION UNITY_SPECCUBE_BLENDING SHADER_API_DESKTOP UNITY_COLORSPACE_GAMMA ok=1
Cmd: disassembleShader
  api=15 insize=1202 outsize=2435 ok=1
Cmd: compileSnippet
  api=4 type=0 insize=4260 outsize=1450 kw=SPOT SHADOWS_DEPTH SHADOWS_SOFT pd=UNITY_ENABLE_REFLECTION_BUFFERS UNITY_PBS_USE_BRDF1 UNITY_SPECCUBE_BOX_PROJECTION UNITY_SPECCUBE_BLENDING SHADER_API_DESKTOP UNITY_COLORSPACE_GAMMA ok=1
Cmd: disassembleShader
  api=15 insize=1450 outsize=2751 ok=1
Cmd: compileSnippet
  api=1 type=1 insize=4260 outsize=1748 kw=DIRECTIONAL pd=UNITY_ENABLE_REFLECTION_BUFFERS UNITY_PBS_USE_BRDF1 UNITY_SPECCUBE_BOX_PROJECTION UNITY_SPECCUBE_BLENDING SHADER_API_DESKTOP UNITY_COLORSPACE_GAMMA ok=1
Cmd: disassembleShader
  api=12 insize=1748 outsize=3089 ok=1
Cmd: compileSnippet
  api=1 type=1 insize=4260 outsize=2140 kw=POINT_COOKIE pd=UNITY_ENABLE_REFLECTION_BUFFERS UNITY_PBS_USE_BRDF1 UNITY_SPECCUBE_BOX_PROJECTION UNITY_SPECCUBE_BLENDING SHADER_API_DESKTOP UNITY_COLORSPACE_GAMMA ok=1
Cmd: disassembleShader
  api=12 insize=2140 outsize=3634 ok=1
Cmd: compileSnippet
  api=4 type=1 insize=4260 outsize=2850 kw=DIRECTIONAL_COOKIE pd=UNITY_ENABLE_REFLECTION_BUFFERS UNITY_PBS_USE_BRDF1 UNITY_SPECCUBE_BOX_PROJECTION UNITY_SPECCUBE_BLENDING SHADER_API_DESKTOP UNITY_COLORSPACE_GAMMA ok=1
Cmd: disassembleShader
  api=17 insize=2850 outsize=4072 ok=1
Cmd: compileSnippet
  api=4 type=1 insize=4260 outsize=2770 kw=DIRECTIONAL SHADOWS_SCREEN pd=UNITY_ENABLE_REFLECTION_BUFFERS UNITY_PBS_USE_BRDF1 UNITY_SPECCUBE_BOX_PROJECTION UNITY_SPECCUBE_BLENDING SHADER_API_DESKTOP UNITY_COLORSPACE_GAMMA ok=1
Cmd: disassembleShader
  api=17 insize=2770 outsize=4038 ok=1
Cmd: compileSnippet
  api=4 type=1 insize=4260 outsize=3298 kw=POINT SHADOWS_CUBE pd=UNITY_ENABLE_REFLECTION_BUFFERS UNITY_PBS_USE_BRDF1 UNITY_SPECCUBE_BOX_PROJECTION UNITY_SPECCUBE_BLENDING SHADER_API_DESKTOP UNITY_COLORSPACE_GAMMA ok=1
Cmd: disassembleShader
  api=17 insize=3298 outsize=4737 ok=1
Cmd: compileSnippet
  api=1 type=1 insize=4260 outsize=2528 kw=POINT SHADOWS_CUBE SHADOWS_SOFT pd=UNITY_ENABLE_REFLECTION_BUFFERS UNITY_PBS_USE_BRDF1 UNITY_SPECCUBE_BOX_PROJECTION UNITY_SPECCUBE_BLENDING SHADER_API_DESKTOP UNITY_COLORSPACE_GAMMA ok=1
Cmd: disassembleShader
  api=12 insize=2528 outsize=4383 ok=1
Cmd: disassembleShader
  api=15 insize=1466 outsize=2778 ok=1
Cmd: disassembleShader
  api=17 insize=2234 outsize=4041 ok=1
Cmd: disassembleShader
  api=15 insize=1466 outsize=2778 ok=1
Cmd: disassembleShader
  api=10 insize=1676 outsize=2703 ok=1
Cmd: disassembleShader
  api=15 insize=2530 outsize=4319 ok=1
Cmd: disassembleShader
  api=12 insize=3656 outsize=6750 ok=1
Cmd: disassembleShader
  api=15 insize=1094 outsize=2225 ok=1
Cmd: disassembleShader
  api=15 insize=1094 outsize=2225 ok=1
Cmd: disassembleShader
  api=10 insize=668 outsize=1128 ok=1
Cmd: disassembleShader
  api=10 insize=808 outsize=1362 ok=1
Cmd: disassembleShader
  api=10 insize=808 outsize=1362 ok=1
Cmd: disassembleShader
  api=15 insize=1202 outsize=2435 ok=1
Cmd: disassembleShader
  api=15 insize=1450 outsize=2751 ok=1
Cmd: disassembleShader
  api=15 insize=1202 outsize=2435 ok=1
Cmd: disassembleShader
  api=12 insize=1748 outsize=3089 ok=1
Cmd: disassembleShader
  api=17 insize=3070 outsize=4391 ok=1
Cmd: disassembleShader
  api=12 insize=2380 outsize=3994 ok=1
Cmd: disassembleShader
  api=12 insize=2076 outsize=3561 ok=1
Cmd: disassembleShader
  api=12 insize=2424 outsize=4139 ok=1
Cmd: disassembleShader
  api=17 insize=3778 outsize=5428 ok=1
Cmd: disassembleShader
  api=15 insize=1466 outsize=2778 ok=1
Cmd: disassembleShader
  api=17 insize=2210 outsize=4014 ok=1
Cmd: disassembleShader
  api=15 insize=610 outsize=1402 ok=1
Cmd: compileSnippet
  api=4 type=0 insize=1640 outsize=610 kw=ETC1_EXTERNAL_ALPHA pd=UNITY_ENABLE_REFLECTION_BUFFERS UNITY_PBS_USE_BRDF1 UNITY_SPECCUBE_BOX_PROJECTION UNITY_SPECCUBE_BLENDING SHADER_API_DESKTOP UNITY_COLORSPACE_GAMMA ok=1
Cmd: disassembleShader
  api=15 insize=610 outsize=1402 ok=1
Cmd: compileSnippet
  api=4 type=0 insize=1640 outsize=822 kw=PIXELSNAP_ON pd=UNITY_ENABLE_REFLECTION_BUFFERS UNITY_PBS_USE_BRDF1 UNITY_SPECCUBE_BOX_PROJECTION UNITY_SPECCUBE_BLENDING SHADER_API_DESKTOP UNITY_COLORSPACE_GAMMA ok=1
Cmd: disassembleShader
  api=15 insize=822 outsize=1715 ok=1
Cmd: compileSnippet
  api=4 type=0 insize=1640 outsize=822 kw=ETC1_EXTERNAL_ALPHA PIXELSNAP_ON pd=UNITY_ENABLE_REFLECTION_BUFFERS UNITY_PBS_USE_BRDF1 UNITY_SPECCUBE_BOX_PROJECTION UNITY_SPECCUBE_BLENDING SHADER_API_DESKTOP UNITY_COLORSPACE_GAMMA ok=1
Cmd: disassembleShader
  api=15 insize=822 outsize=1715 ok=1
Cmd: compileSnippet
  api=1 type=1 insize=1640 outsize=324 kw=ETC1_EXTERNAL_ALPHA pd=UNITY_ENABLE_REFLECTION_BUFFERS UNITY_PBS_USE_BRDF1 UNITY_SPECCUBE_BOX_PROJECTION UNITY_SPECCUBE_BLENDING SHADER_API_DESKTOP UNITY_COLORSPACE_GAMMA ok=1
Cmd: disassembleShader
  api=11 insize=324 outsize=546 ok=1
Cmd: compileSnippet
  api=1 type=1 insize=1640 outsize=236 kw=PIXELSNAP_ON pd=UNITY_ENABLE_REFLECTION_BUFFERS UNITY_PBS_USE_BRDF1 UNITY_SPECCUBE_BOX_PROJECTION UNITY_SPECCUBE_BLENDING SHADER_API_DESKTOP UNITY_COLORSPACE_GAMMA ok=1
Cmd: disassembleShader
  api=11 insize=236 outsize=431 ok=1
Cmd: compileSnippet
  api=1 type=1 insize=1640 outsize=324 kw=ETC1_EXTERNAL_ALPHA PIXELSNAP_ON pd=UNITY_ENABLE_REFLECTION_BUFFERS UNITY_PBS_USE_BRDF1 UNITY_SPECCUBE_BOX_PROJECTION UNITY_SPECCUBE_BLENDING SHADER_API_DESKTOP UNITY_COLORSPACE_GAMMA ok=1
Cmd: disassembleShader
  api=11 insize=324 outsize=546 ok=1
Cmd: disassembleShader
  api=15 insize=1658 outsize=3109 ok=1
Cmd: disassembleShader
  api=15 insize=2338 outsize=3988 ok=1
Cmd: disassembleShader
  api=17 insize=5974 outsize=8535 ok=1
Cmd: disassembleShader
  api=15 insize=1094 outsize=2222 ok=1
Cmd: disassembleShader
  api=10 insize=668 outsize=1128 ok=1
Cmd: disassembleShader
  api=10 insize=668 outsize=1128 ok=1
Cmd: disassembleShader
  api=10 insize=808 outsize=1362 ok=1
Cmd: disassembleShader
  api=10 insize=748 outsize=1266 ok=1
Cmd: disassembleShader
  api=10 insize=748 outsize=1266 ok=1
Cmd: disassembleShader
  api=10 insize=748 outsize=1266 ok=1
Cmd: disassembleShader
  api=17 insize=2978 outsize=4226 ok=1
Cmd: disassembleShader
  api=12 insize=2140 outsize=3634 ok=1
Cmd: disassembleShader
  api=17 insize=2850 outsize=4072 ok=1
Cmd: disassembleShader
  api=17 insize=2770 outsize=4038 ok=1
Cmd: disassembleShader
  api=17 insize=3298 outsize=4737 ok=1
Cmd: disassembleShader
  api=12 insize=2528 outsize=4383 ok=1
Cmd: disassembleShader
  api=15 insize=1466 outsize=2778 ok=1
Cmd: disassembleShader
  api=17 insize=2234 outsize=4041 ok=1
Cmd: disassembleShader
  api=10 insize=1084 outsize=1820 ok=1
Cmd: disassembleShader
  api=10 insize=1816 outsize=2937 ok=1
Cmd: disassembleShader
  api=17 insize=5822 outsize=8219 ok=1
Cmd: disassembleShader
  api=15 insize=1094 outsize=2222 ok=1
Cmd: disassembleShader
  api=10 insize=668 outsize=1128 ok=1
Cmd: disassembleShader
  api=10 insize=828 outsize=1362 ok=1
Cmd: disassembleShader
  api=10 insize=808 outsize=1362 ok=1
Cmd: disassembleShader
  api=10 insize=748 outsize=1266 ok=1
Cmd: disassembleShader
  api=10 insize=748 outsize=1266 ok=1
Cmd: disassembleShader
  api=17 insize=2978 outsize=4226 ok=1
Cmd: disassembleShader
  api=12 insize=2140 outsize=3634 ok=1
Cmd: disassembleShader
  api=12 insize=2380 outsize=3994 ok=1
Cmd: disassembleShader
  api=12 insize=2076 outsize=3561 ok=1
Cmd: disassembleShader
  api=12 insize=2424 outsize=4139 ok=1
Cmd: disassembleShader
  api=12 insize=2528 outsize=4383 ok=1
Cmd: disassembleShader
  api=10 insize=944 outsize=1586 ok=1
Cmd: disassembleShader
  api=17 insize=2234 outsize=4041 ok=1
Cmd: disassembleShader
  api=9 insize=396 outsize=658 ok=1
Cmd: disassembleShader
  api=9 insize=620 outsize=1011 ok=1
Cmd: disassembleShader
  api=15 insize=822 outsize=1715 ok=1
Cmd: disassembleShader
  api=17 insize=422 outsize=1082 ok=1
Cmd: disassembleShader
  api=17 insize=506 outsize=1239 ok=1
Cmd: disassembleShader
  api=14 insize=578 outsize=1586 ok=1
